Traceback (most recent call last):
  File "/home/tt/monitor/collector/run_collector.py", line 2, in <module>
    from save_to_mysql import save_to_mysql
ImportError: cannot import name 'save_to_mysql' from 'save_to_mysql' (/home/tt/monitor/collector/save_to_mysql.py)
Traceback (most recent call last):
  File "/home/tt/monitor/collector/run_collector.py", line 2, in <module>
    from save_to_mysql import save_to_mysql
ImportError: cannot import name 'save_to_mysql' from 'save_to_mysql' (/home/tt/monitor/collector/save_to_mysql.py)
Traceback (most recent call last):
  File "/home/tt/monitor/collector/run_collector.py", line 2, in <module>
    from save_to_mysql import save_to_mysql
ImportError: cannot import name 'save_to_mysql' from 'save_to_mysql' (/home/tt/monitor/collector/save_to_mysql.py)
Traceback (most recent call last):
  File "/home/tt/monitor/collector/run_collector.py", line 2, in <module>
    from save_to_mysql import save_to_mysql
ImportError: cannot import name 'save_to_mysql' from 'save_to_mysql' (/home/tt/monitor/collector/save_to_mysql.py)
Traceback (most recent call last):
  File "/home/tt/monitor/collector/run_collector.py", line 2, in <module>
    from save_to_mysql import save_to_mysql
ImportError: cannot import name 'save_to_mysql' from 'save_to_mysql' (/home/tt/monitor/collector/save_to_mysql.py)
Traceback (most recent call last):
  File "/home/tt/monitor/collector/run_collector.py", line 2, in <module>
    from save_to_mysql import save_to_mysql
ImportError: cannot import name 'save_to_mysql' from 'save_to_mysql' (/home/tt/monitor/collector/save_to_mysql.py)
Traceback (most recent call last):
  File "/home/tt/monitor/collector/run_collector.py", line 2, in <module>
    from save_to_mysql import save_to_mysql
ImportError: cannot import name 'save_to_mysql' from 'save_to_mysql' (/home/tt/monitor/collector/save_to_mysql.py)
Traceback (most recent call last):
  File "/home/tt/monitor/collector/run_collector.py", line 2, in <module>
    from save_to_mysql import save_to_mysql
ImportError: cannot import name 'save_to_mysql' from 'save_to_mysql' (/home/tt/monitor/collector/save_to_mysql.py)
Traceback (most recent call last):
  File "/home/tt/monitor/collector/run_collector.py", line 14, in <module>
    main()
  File "/home/tt/monitor/collector/run_collector.py", line 6, in main
    cpu, mem, disk = collect_metrics()
    ^^^^^^^^^^^^^^
ValueError: too many values to unpack (expected 3)
Traceback (most recent call last):
  File "/home/tt/monitor/collector/run_collector.py", line 14, in <module>
    main()
  File "/home/tt/monitor/collector/run_collector.py", line 6, in main
    cpu, mem, disk = collect_metrics()
    ^^^^^^^^^^^^^^
ValueError: too many values to unpack (expected 3)
Traceback (most recent call last):
  File "/home/tt/monitor/collector/run_collector.py", line 14, in <module>
    main()
  File "/home/tt/monitor/collector/run_collector.py", line 6, in main
    cpu, mem, disk = collect_metrics()
    ^^^^^^^^^^^^^^
ValueError: too many values to unpack (expected 3)
Traceback (most recent call last):
  File "/home/tt/monitor/collector/run_collector.py", line 14, in <module>
    main()
  File "/home/tt/monitor/collector/run_collector.py", line 6, in main
    cpu, mem, disk = collect_metrics()
    ^^^^^^^^^^^^^^
ValueError: too many values to unpack (expected 3)
Traceback (most recent call last):
  File "/home/tt/monitor/collector/run_collector.py", line 14, in <module>
    main()
  File "/home/tt/monitor/collector/run_collector.py", line 6, in main
    cpu, mem, disk = collect_metrics()
    ^^^^^^^^^^^^^^
ValueError: too many values to unpack (expected 3)
Traceback (most recent call last):
  File "/home/tt/monitor/collector/run_collector.py", line 14, in <module>
    main()
  File "/home/tt/monitor/collector/run_collector.py", line 6, in main
    cpu, mem, disk = collect_metrics()
    ^^^^^^^^^^^^^^
ValueError: too many values to unpack (expected 3)
Traceback (most recent call last):
  File "/home/tt/monitor/collector/run_collector.py", line 14, in <module>
    main()
  File "/home/tt/monitor/collector/run_collector.py", line 6, in main
    cpu, mem, disk = collect_metrics()
    ^^^^^^^^^^^^^^
ValueError: too many values to unpack (expected 3)
Traceback (most recent call last):
  File "/home/tt/monitor/collector/run_collector.py", line 14, in <module>
    main()
  File "/home/tt/monitor/collector/run_collector.py", line 6, in main
    cpu, mem, disk = collect_metrics()
    ^^^^^^^^^^^^^^
ValueError: too many values to unpack (expected 3)
Traceback (most recent call last):
  File "/home/tt/monitor/collector/run_collector.py", line 14, in <module>
    main()
  File "/home/tt/monitor/collector/run_collector.py", line 6, in main
    cpu, mem, disk = collect_metrics()
    ^^^^^^^^^^^^^^
ValueError: too many values to unpack (expected 3)
Traceback (most recent call last):
  File "/home/tt/monitor/collector/run_collector.py", line 14, in <module>
    main()
  File "/home/tt/monitor/collector/run_collector.py", line 6, in main
    cpu, mem, disk = collect_metrics()
    ^^^^^^^^^^^^^^
ValueError: too many values to unpack (expected 3)
Traceback (most recent call last):
  File "/home/tt/monitor/collector/run_collector.py", line 14, in <module>
    main()
  File "/home/tt/monitor/collector/run_collector.py", line 6, in main
    cpu, mem, disk = collect_metrics()
    ^^^^^^^^^^^^^^
ValueError: too many values to unpack (expected 3)
Traceback (most recent call last):
  File "/home/tt/monitor/collector/run_collector.py", line 14, in <module>
    main()
  File "/home/tt/monitor/collector/run_collector.py", line 6, in main
    cpu, mem, disk = collect_metrics()
    ^^^^^^^^^^^^^^
ValueError: too many values to unpack (expected 3)
Traceback (most recent call last):
  File "/home/tt/monitor/collector/run_collector.py", line 14, in <module>
    main()
  File "/home/tt/monitor/collector/run_collector.py", line 6, in main
    cpu, mem, disk = collect_metrics()
    ^^^^^^^^^^^^^^
ValueError: too many values to unpack (expected 3)
Traceback (most recent call last):
  File "/home/tt/monitor/collector/run_collector.py", line 14, in <module>
    main()
  File "/home/tt/monitor/collector/run_collector.py", line 6, in main
    cpu, mem, disk = collect_metrics()
    ^^^^^^^^^^^^^^
ValueError: too many values to unpack (expected 3)
Traceback (most recent call last):
  File "/home/tt/monitor/collector/run_collector.py", line 14, in <module>
    main()
  File "/home/tt/monitor/collector/run_collector.py", line 6, in main
    cpu, mem, disk = collect_metrics()
    ^^^^^^^^^^^^^^
ValueError: too many values to unpack (expected 3)
Traceback (most recent call last):
  File "/home/tt/monitor/collector/run_collector.py", line 14, in <module>
    main()
  File "/home/tt/monitor/collector/run_collector.py", line 6, in main
    cpu, mem, disk = collect_metrics()
    ^^^^^^^^^^^^^^
ValueError: too many values to unpack (expected 3)
Traceback (most recent call last):
  File "/home/tt/monitor/collector/run_collector.py", line 3, in <module>
    from alert import check_alert
  File "/home/tt/monitor/collector/alert.py", line 3, in <module>
    from alert import check_alert
ImportError: cannot import name 'check_alert' from partially initialized module 'alert' (most likely due to a circular import) (/home/tt/monitor/collector/alert.py)
Traceback (most recent call last):
  File "/home/tt/monitor/collector/run_collector.py", line 3, in <module>
    from alert import check_alert
  File "/home/tt/monitor/collector/alert.py", line 3, in <module>
    from alert import check_alert
ImportError: cannot import name 'check_alert' from partially initialized module 'alert' (most likely due to a circular import) (/home/tt/monitor/collector/alert.py)
Traceback (most recent call last):
  File "/home/tt/monitor/collector/run_collector.py", line 3, in <module>
    from alert import check_alert
  File "/home/tt/monitor/collector/alert.py", line 3, in <module>
    from alert import check_alert
ImportError: cannot import name 'check_alert' from partially initialized module 'alert' (most likely due to a circular import) (/home/tt/monitor/collector/alert.py)
[2025-12-28 01:03:02] ⚠ CPU 使用率过高: 50.9%
[2025-12-30 22:20:02] ⚠ CPU 使用率过高: 3.1%
告警已记录： [2025-12-30 22:21:02] CPU 使用率过高: 8.4%
告警已记录： [2025-12-30 22:25:02] CPU 使用率过高: 51.6%
告警已记录： [2025-12-30 22:31:02] CPU 使用率过高: 88.6%
告警已记录： [2025-12-30 22:32:02] CPU 使用率过高: 22.3%
告警已记录： [2025-12-30 22:45:02] CPU 使用率过高: 5.9%
告警已记录： [2025-12-30 22:51:02] CPU 使用率过高: 10.0%
告警已记录： [2025-12-30 22:56:02] CPU 使用率过高: 5.4%
告警已记录： [2025-12-30 22:58:02] CPU 使用率过高: 6.0%
告警已记录： [2025-12-30 23:00:02] CPU 使用率过高: 17.6%
告警已记录： [2025-12-30 23:10:03] CPU 使用率过高: 6.4%
告警已记录： [2025-12-30 23:11:02] CPU 使用率过高: 25.2%
告警已记录： [2025-12-30 23:12:02] CPU 使用率过高: 25.0%
告警已记录： [2025-12-30 23:13:02] CPU 使用率过高: 25.5%
告警已记录： [2025-12-30 23:14:02] CPU 使用率过高: 25.4%
告警已记录： [2025-12-31 00:27:03] CPU 使用率过高: 4.6%
/bin/sh: 1: /home/tt/monitor/venv/bin/python3: not found
